Using pre-set license

 COMMAND LINE ARGUMENTS:
/Applications/Unity/Hub/Editor/2020.2.5f1/Unity.app/Contents/MacOS/Unity
-adb2
-batchMode
-noUpm
-name
AssetImportWorker0
-projectPath
/Users/samilasaroglu/Downloads/runnerTask1
-logFile
Logs/AssetImportWorker0.log
-srvPort
49373
Successfully changed project path to: /Users/samilasaroglu/Downloads/runnerTask1
/Users/samilasaroglu/Downloads/runnerTask1
Using Asset Import Pipeline V2.
Refreshing native plugins compatible for Editor in 30.74 ms, found 1 plugins.
Preloading 0 native plugins for Editor in 0.00 ms.
Initialize engine version: 2020.2.5f1 (e2c53f129de5)
[Subsystems] Discovering subsystems at path /Applications/Unity/Hub/Editor/2020.2.5f1/Unity.app/Contents/Resources/UnitySubsystems
[Subsystems] Discovering subsystems at path /Users/samilasaroglu/Downloads/runnerTask1/Assets
GfxDevice: creating device client; threaded=0
2022-05-20 18:07:55.415 Unity[1157:12946] Color LCD preferred device: Intel(R) Iris(TM) Graphics 6000 (low power)
2022-05-20 18:07:55.415 Unity[1157:12946] Metal devices available: 1
2022-05-20 18:07:55.415 Unity[1157:12946] 0: Intel(R) Iris(TM) Graphics 6000 (low power)
2022-05-20 18:07:55.415 Unity[1157:12946] Using device Intel(R) Iris(TM) Graphics 6000 (low power)
Initializing Metal device caps: Intel(R) Iris(TM) Graphics 6000
Initialize mono
Mono path[0] = '/Applications/Unity/Hub/Editor/2020.2.5f1/Unity.app/Contents/Managed'
Mono path[1] = '/Applications/Unity/Hub/Editor/2020.2.5f1/Unity.app/Contents/MonoBleedingEdge/lib/mono/unityjit'
Mono config path = '/Applications/Unity/Hub/Editor/2020.2.5f1/Unity.app/Contents/MonoBleedingEdge/etc'
Using monoOptions --debugger-agent=transport=dt_socket,embedding=1,server=y,suspend=n,address=127.0.0.1:56157
Begin MonoManager ReloadAssembly
Registering precompiled unity dll's ...
Register platform support module: /Applications/Unity/Hub/Editor/2020.2.5f1/PlaybackEngines/WebGLSupport/UnityEditor.WebGL.Extensions.dll
Register platform support module: /Applications/Unity/Hub/Editor/2020.2.5f1/Unity.app/Contents/PlaybackEngines/MacStandaloneSupport/UnityEditor.OSXStandalone.Extensions.dll
Registered in 0.000913 seconds.
Native extension for OSXStandalone target not found
Native extension for WebGL target not found
Refreshing native plugins compatible for Editor in 29.11 ms, found 1 plugins.
Preloading 0 native plugins for Editor in 0.00 ms.
Invoked RoslynAnalysisRunner static constructor.
RoslynAnalysisRunner will not be running.
RoslynAnalysisRunner has terminated.
Mono: successfully reloaded assembly
- Completed reload, in  3.674 seconds
Platform modules already initialized, skipping
Registering precompiled user dll's ...
Registered in 0.000490 seconds.
Begin MonoManager ReloadAssembly
Native extension for OSXStandalone target not found
Native extension for WebGL target not found
Refreshing native plugins compatible for Editor in 0.22 ms, found 1 plugins.
Preloading 0 native plugins for Editor in 0.00 ms.
Invoked RoslynAnalysisRunner static constructor.
RoslynAnalysisRunner will not be running.
RoslynAnalysisRunner has terminated.
Mono: successfully reloaded assembly
- Completed reload, in  1.311 seconds
Platform modules already initialized, skipping
========================================================================
Worker process is ready to serve import requests
Launching external process: /Applications/Unity/Hub/Editor/2020.2.5f1/Unity.app/Contents/Tools/UnityShaderCompiler
Launched and connected shader compiler UnityShaderCompiler after 0.02 seconds
Refreshing native plugins compatible for Editor in 0.22 ms, found 1 plugins.
Preloading 0 native plugins for Editor in 0.00 ms.
Unloading 1103 Unused Serialized files (Serialized files now loaded: 0)
System memory in use before: 111.9 MB.
System memory in use after: 111.9 MB.

Unloading 10 unused Assets to reduce memory usage. Loaded Objects now: 1546.
Total: 3.295439 ms (FindLiveObjects: 0.415139 ms CreateObjectMapping: 0.140265 ms MarkObjects: 2.627851 ms  DeleteObjects: 0.109797 ms)

========================================================================
Received Prepare
Registering precompiled user dll's ...
Registered in 0.000574 seconds.
Begin MonoManager ReloadAssembly
Native extension for OSXStandalone target not found
Native extension for WebGL target not found
Refreshing native plugins compatible for Editor in 0.24 ms, found 1 plugins.
Preloading 0 native plugins for Editor in 0.00 ms.
Invoked RoslynAnalysisRunner static constructor.
RoslynAnalysisRunner will not be running.
RoslynAnalysisRunner has terminated.
Mono: successfully reloaded assembly
- Completed reload, in  1.323 seconds
Platform modules already initialized, skipping
Refreshing native plugins compatible for Editor in 0.22 ms, found 1 plugins.
Preloading 0 native plugins for Editor in 0.00 ms.
Unloading 1099 Unused Serialized files (Serialized files now loaded: 0)
System memory in use before: 112.0 MB.
System memory in use after: 112.1 MB.

Unloading 5 unused Assets to reduce memory usage. Loaded Objects now: 1549.
Total: 3.519660 ms (FindLiveObjects: 0.352064 ms CreateObjectMapping: 0.077522 ms MarkObjects: 2.973094 ms  DeleteObjects: 0.114131 ms)

========================================================================
Received Prepare
Registering precompiled user dll's ...
Registered in 0.000763 seconds.
Begin MonoManager ReloadAssembly
Native extension for OSXStandalone target not found
Native extension for WebGL target not found
Refreshing native plugins compatible for Editor in 0.25 ms, found 1 plugins.
Preloading 0 native plugins for Editor in 0.00 ms.
Invoked RoslynAnalysisRunner static constructor.
RoslynAnalysisRunner will not be running.
RoslynAnalysisRunner has terminated.
Mono: successfully reloaded assembly
- Completed reload, in  1.683 seconds
Platform modules already initialized, skipping
Refreshing native plugins compatible for Editor in 0.23 ms, found 1 plugins.
Preloading 0 native plugins for Editor in 0.00 ms.
Unloading 1099 Unused Serialized files (Serialized files now loaded: 0)
System memory in use before: 112.3 MB.
System memory in use after: 112.3 MB.

Unloading 5 unused Assets to reduce memory usage. Loaded Objects now: 1551.
Total: 2.276978 ms (FindLiveObjects: 0.284588 ms CreateObjectMapping: 0.075876 ms MarkObjects: 1.844583 ms  DeleteObjects: 0.069720 ms)

========================================================================
Received Prepare
Registering precompiled user dll's ...
Registered in 0.000731 seconds.
Begin MonoManager ReloadAssembly
Native extension for OSXStandalone target not found
Native extension for WebGL target not found
Refreshing native plugins compatible for Editor in 0.54 ms, found 1 plugins.
Preloading 0 native plugins for Editor in 0.00 ms.
Invoked RoslynAnalysisRunner static constructor.
RoslynAnalysisRunner will not be running.
RoslynAnalysisRunner has terminated.
Mono: successfully reloaded assembly
- Completed reload, in  1.765 seconds
Platform modules already initialized, skipping
Refreshing native plugins compatible for Editor in 0.29 ms, found 1 plugins.
Preloading 0 native plugins for Editor in 0.00 ms.
Unloading 1099 Unused Serialized files (Serialized files now loaded: 0)
System memory in use before: 112.5 MB.
System memory in use after: 112.6 MB.

Unloading 5 unused Assets to reduce memory usage. Loaded Objects now: 1553.
Total: 4.224710 ms (FindLiveObjects: 0.579984 ms CreateObjectMapping: 0.103904 ms MarkObjects: 3.356672 ms  DeleteObjects: 0.181275 ms)

========================================================================
Received Prepare
Registering precompiled user dll's ...
Registered in 0.000697 seconds.
Begin MonoManager ReloadAssembly
Native extension for OSXStandalone target not found
Native extension for WebGL target not found
Refreshing native plugins compatible for Editor in 0.38 ms, found 1 plugins.
Preloading 0 native plugins for Editor in 0.00 ms.
Invoked RoslynAnalysisRunner static constructor.
RoslynAnalysisRunner will not be running.
RoslynAnalysisRunner has terminated.
Mono: successfully reloaded assembly
- Completed reload, in  1.496 seconds
Platform modules already initialized, skipping
Refreshing native plugins compatible for Editor in 0.25 ms, found 1 plugins.
Preloading 0 native plugins for Editor in 0.00 ms.
Unloading 1099 Unused Serialized files (Serialized files now loaded: 0)
System memory in use before: 112.6 MB.
System memory in use after: 112.7 MB.

Unloading 5 unused Assets to reduce memory usage. Loaded Objects now: 1555.
Total: 2.086691 ms (FindLiveObjects: 0.252518 ms CreateObjectMapping: 0.064374 ms MarkObjects: 1.710477 ms  DeleteObjects: 0.057925 ms)

========================================================================
Received Prepare
Registering precompiled user dll's ...
Registered in 0.000574 seconds.
Begin MonoManager ReloadAssembly
Native extension for OSXStandalone target not found
Native extension for WebGL target not found
Refreshing native plugins compatible for Editor in 0.29 ms, found 1 plugins.
Preloading 0 native plugins for Editor in 0.00 ms.
Invoked RoslynAnalysisRunner static constructor.
RoslynAnalysisRunner will not be running.
RoslynAnalysisRunner has terminated.
Mono: successfully reloaded assembly
- Completed reload, in  1.298 seconds
Platform modules already initialized, skipping
Refreshing native plugins compatible for Editor in 0.22 ms, found 1 plugins.
Preloading 0 native plugins for Editor in 0.00 ms.
Unloading 1099 Unused Serialized files (Serialized files now loaded: 0)
System memory in use before: 112.8 MB.
System memory in use after: 112.9 MB.

Unloading 5 unused Assets to reduce memory usage. Loaded Objects now: 1557.
Total: 2.805726 ms (FindLiveObjects: 0.306010 ms CreateObjectMapping: 0.062884 ms MarkObjects: 2.367188 ms  DeleteObjects: 0.067051 ms)

========================================================================
Received Prepare
Registering precompiled user dll's ...
Registered in 0.000564 seconds.
Begin MonoManager ReloadAssembly
Native extension for OSXStandalone target not found
Native extension for WebGL target not found
Refreshing native plugins compatible for Editor in 0.24 ms, found 1 plugins.
Preloading 0 native plugins for Editor in 0.00 ms.
Invoked RoslynAnalysisRunner static constructor.
RoslynAnalysisRunner will not be running.
RoslynAnalysisRunner has terminated.
Mono: successfully reloaded assembly
- Completed reload, in  1.579 seconds
Platform modules already initialized, skipping
Refreshing native plugins compatible for Editor in 0.24 ms, found 1 plugins.
Preloading 0 native plugins for Editor in 0.00 ms.
Unloading 1099 Unused Serialized files (Serialized files now loaded: 0)
System memory in use before: 113.0 MB.
System memory in use after: 113.1 MB.

Unloading 5 unused Assets to reduce memory usage. Loaded Objects now: 1559.
Total: 2.396680 ms (FindLiveObjects: 0.291100 ms CreateObjectMapping: 0.075483 ms MarkObjects: 1.965417 ms  DeleteObjects: 0.061439 ms)

========================================================================
Received Prepare
Registering precompiled user dll's ...
Registered in 0.000528 seconds.
Begin MonoManager ReloadAssembly
Native extension for OSXStandalone target not found
Native extension for WebGL target not found
Refreshing native plugins compatible for Editor in 0.22 ms, found 1 plugins.
Preloading 0 native plugins for Editor in 0.00 ms.
Invoked RoslynAnalysisRunner static constructor.
RoslynAnalysisRunner will not be running.
RoslynAnalysisRunner has terminated.
Mono: successfully reloaded assembly
- Completed reload, in  1.285 seconds
Platform modules already initialized, skipping
Refreshing native plugins compatible for Editor in 0.22 ms, found 1 plugins.
Preloading 0 native plugins for Editor in 0.00 ms.
Unloading 1100 Unused Serialized files (Serialized files now loaded: 0)
System memory in use before: 113.2 MB.
System memory in use after: 113.3 MB.

Unloading 5 unused Assets to reduce memory usage. Loaded Objects now: 1562.
Total: 2.863400 ms (FindLiveObjects: 0.332236 ms CreateObjectMapping: 0.075150 ms MarkObjects: 2.357698 ms  DeleteObjects: 0.096040 ms)

========================================================================
Received Import Request.
  path: Assets/Scripts
  artifactKey: Guid(7cdc175078d4b4510a873ca674b3ea64) Importer(815301076,1909f56bfc062723c751e8b465ee728b)
Start importing Assets/Scripts using Guid(7cdc175078d4b4510a873ca674b3ea64) Importer(815301076,1909f56bfc062723c751e8b465ee728b)  -> (artifact id: 'e7957d4bbb2d92089387de4bff516e90') in 0.007005 seconds
  Import took 0.013188 seconds .

========================================================================
Received Import Request.
  Time since last request: 0.890991 seconds.
  path: Assets/Scripts/CameraScript.cs
  artifactKey: Guid(71ccf04491ca947668f7b1d993f50656) Importer(815301076,1909f56bfc062723c751e8b465ee728b)
Start importing Assets/Scripts/CameraScript.cs using Guid(71ccf04491ca947668f7b1d993f50656) Importer(815301076,1909f56bfc062723c751e8b465ee728b)  -> (artifact id: '046a25131bc2c639c461ef46302bceca') in 4.414070 seconds
  Import took 4.418488 seconds .

========================================================================
Received Prepare
Registering precompiled user dll's ...
Registered in 0.000526 seconds.
Begin MonoManager ReloadAssembly
Native extension for OSXStandalone target not found
Native extension for WebGL target not found
Refreshing native plugins compatible for Editor in 0.24 ms, found 1 plugins.
Preloading 0 native plugins for Editor in 0.00 ms.
Invoked RoslynAnalysisRunner static constructor.
RoslynAnalysisRunner will not be running.
RoslynAnalysisRunner has terminated.
Mono: successfully reloaded assembly
- Completed reload, in  1.396 seconds
Platform modules already initialized, skipping
Refreshing native plugins compatible for Editor in 0.22 ms, found 1 plugins.
Preloading 0 native plugins for Editor in 0.00 ms.
Unloading 1100 Unused Serialized files (Serialized files now loaded: 0)
System memory in use before: 117.9 MB.
System memory in use after: 117.9 MB.

Unloading 5 unused Assets to reduce memory usage. Loaded Objects now: 1564.
Total: 2.452387 ms (FindLiveObjects: 0.305472 ms CreateObjectMapping: 0.067150 ms MarkObjects: 2.009020 ms  DeleteObjects: 0.068780 ms)

========================================================================
Received Import Request.
  Time since last request: 149.455201 seconds.
  path: Assets/Scripts/CollectableScript.cs
  artifactKey: Guid(c38cec541db7e48c69daffa21bff1288) Importer(815301076,1909f56bfc062723c751e8b465ee728b)
Start importing Assets/Scripts/CollectableScript.cs using Guid(c38cec541db7e48c69daffa21bff1288) Importer(815301076,1909f56bfc062723c751e8b465ee728b)  -> (artifact id: 'f97d99cbb916640361ec1413a444c276') in 0.016704 seconds
  Import took 0.021615 seconds .

========================================================================
Received Prepare
Registering precompiled user dll's ...
Registered in 0.000559 seconds.
Begin MonoManager ReloadAssembly
Native extension for OSXStandalone target not found
Native extension for WebGL target not found
Refreshing native plugins compatible for Editor in 0.22 ms, found 1 plugins.
Preloading 0 native plugins for Editor in 0.00 ms.
Invoked RoslynAnalysisRunner static constructor.
RoslynAnalysisRunner will not be running.
RoslynAnalysisRunner has terminated.
Mono: successfully reloaded assembly
- Completed reload, in  1.506 seconds
Platform modules already initialized, skipping
Refreshing native plugins compatible for Editor in 0.25 ms, found 1 plugins.
Preloading 0 native plugins for Editor in 0.00 ms.
Unloading 1101 Unused Serialized files (Serialized files now loaded: 0)
System memory in use before: 118.1 MB.
System memory in use after: 118.1 MB.

Unloading 5 unused Assets to reduce memory usage. Loaded Objects now: 1567.
Total: 3.035194 ms (FindLiveObjects: 0.293496 ms CreateObjectMapping: 0.071142 ms MarkObjects: 2.538621 ms  DeleteObjects: 0.128534 ms)

========================================================================
Received Prepare
Registering precompiled user dll's ...
Registered in 0.000726 seconds.
Begin MonoManager ReloadAssembly
Native extension for OSXStandalone target not found
Native extension for WebGL target not found
Refreshing native plugins compatible for Editor in 0.25 ms, found 1 plugins.
Preloading 0 native plugins for Editor in 0.00 ms.
Invoked RoslynAnalysisRunner static constructor.
RoslynAnalysisRunner will not be running.
RoslynAnalysisRunner has terminated.
Mono: successfully reloaded assembly
- Completed reload, in  1.643 seconds
Platform modules already initialized, skipping
Refreshing native plugins compatible for Editor in 0.23 ms, found 1 plugins.
Preloading 0 native plugins for Editor in 0.00 ms.
Unloading 1101 Unused Serialized files (Serialized files now loaded: 0)
System memory in use before: 118.2 MB.
System memory in use after: 118.3 MB.

Unloading 5 unused Assets to reduce memory usage. Loaded Objects now: 1569.
Total: 2.252691 ms (FindLiveObjects: 0.225439 ms CreateObjectMapping: 0.073078 ms MarkObjects: 1.889469 ms  DeleteObjects: 0.062579 ms)

========================================================================
Received Import Request.
  Time since last request: 49.147719 seconds.
  path: Assets/Scripts/CollectableScript.cs
  artifactKey: Guid(c38cec541db7e48c69daffa21bff1288) Importer(815301076,1909f56bfc062723c751e8b465ee728b)
Start importing Assets/Scripts/CollectableScript.cs using Guid(c38cec541db7e48c69daffa21bff1288) Importer(815301076,1909f56bfc062723c751e8b465ee728b)  -> (artifact id: '89e6b1bc5b9a93a98dba45904b22b378') in 0.007911 seconds
  Import took 0.010517 seconds .

========================================================================
Received Prepare
Registering precompiled user dll's ...
Registered in 0.000601 seconds.
Begin MonoManager ReloadAssembly
Native extension for OSXStandalone target not found
Native extension for WebGL target not found
Refreshing native plugins compatible for Editor in 0.29 ms, found 1 plugins.
Preloading 0 native plugins for Editor in 0.00 ms.
Invoked RoslynAnalysisRunner static constructor.
RoslynAnalysisRunner will not be running.
RoslynAnalysisRunner has terminated.
Mono: successfully reloaded assembly
- Completed reload, in  1.780 seconds
Platform modules already initialized, skipping
Refreshing native plugins compatible for Editor in 0.27 ms, found 1 plugins.
Preloading 0 native plugins for Editor in 0.00 ms.
Unloading 1101 Unused Serialized files (Serialized files now loaded: 0)
System memory in use before: 118.4 MB.
System memory in use after: 118.5 MB.

Unloading 5 unused Assets to reduce memory usage. Loaded Objects now: 1571.
Total: 3.126629 ms (FindLiveObjects: 0.312952 ms CreateObjectMapping: 0.122462 ms MarkObjects: 2.610693 ms  DeleteObjects: 0.077995 ms)

========================================================================
Received Prepare
Registering precompiled user dll's ...
Registered in 0.000827 seconds.
Begin MonoManager ReloadAssembly
Native extension for OSXStandalone target not found
Native extension for WebGL target not found
Refreshing native plugins compatible for Editor in 0.43 ms, found 1 plugins.
Preloading 0 native plugins for Editor in 0.00 ms.
Invoked RoslynAnalysisRunner static constructor.
RoslynAnalysisRunner will not be running.
RoslynAnalysisRunner has terminated.
Mono: successfully reloaded assembly
- Completed reload, in  1.696 seconds
Platform modules already initialized, skipping
Refreshing native plugins compatible for Editor in 0.23 ms, found 1 plugins.
Preloading 0 native plugins for Editor in 0.00 ms.
Unloading 1101 Unused Serialized files (Serialized files now loaded: 0)
System memory in use before: 118.6 MB.
System memory in use after: 118.7 MB.

Unloading 5 unused Assets to reduce memory usage. Loaded Objects now: 1573.
Total: 1.924607 ms (FindLiveObjects: 0.239056 ms CreateObjectMapping: 0.059535 ms MarkObjects: 1.562852 ms  DeleteObjects: 0.061289 ms)

========================================================================
Received Prepare
Registering precompiled user dll's ...
Registered in 0.000705 seconds.
Begin MonoManager ReloadAssembly
Native extension for OSXStandalone target not found
Native extension for WebGL target not found
Refreshing native plugins compatible for Editor in 0.25 ms, found 1 plugins.
Preloading 0 native plugins for Editor in 0.00 ms.
Invoked RoslynAnalysisRunner static constructor.
RoslynAnalysisRunner will not be running.
RoslynAnalysisRunner has terminated.
Mono: successfully reloaded assembly
- Completed reload, in  1.861 seconds
Platform modules already initialized, skipping
Refreshing native plugins compatible for Editor in 0.24 ms, found 1 plugins.
Preloading 0 native plugins for Editor in 0.00 ms.
Unloading 1101 Unused Serialized files (Serialized files now loaded: 0)
System memory in use before: 118.8 MB.
System memory in use after: 118.9 MB.

Unloading 5 unused Assets to reduce memory usage. Loaded Objects now: 1575.
Total: 2.841026 ms (FindLiveObjects: 0.361925 ms CreateObjectMapping: 0.071483 ms MarkObjects: 2.329786 ms  DeleteObjects: 0.075848 ms)

========================================================================
Received Prepare
Registering precompiled user dll's ...
Registered in 0.000742 seconds.
Begin MonoManager ReloadAssembly
Native extension for OSXStandalone target not found
Native extension for WebGL target not found
Refreshing native plugins compatible for Editor in 0.38 ms, found 1 plugins.
Preloading 0 native plugins for Editor in 0.00 ms.
Invoked RoslynAnalysisRunner static constructor.
RoslynAnalysisRunner will not be running.
RoslynAnalysisRunner has terminated.
Mono: successfully reloaded assembly
- Completed reload, in  1.858 seconds
Platform modules already initialized, skipping
Refreshing native plugins compatible for Editor in 0.39 ms, found 1 plugins.
Preloading 0 native plugins for Editor in 0.00 ms.
Unloading 1101 Unused Serialized files (Serialized files now loaded: 0)
System memory in use before: 119.0 MB.
System memory in use after: 119.0 MB.

Unloading 5 unused Assets to reduce memory usage. Loaded Objects now: 1577.
Total: 2.852102 ms (FindLiveObjects: 0.275851 ms CreateObjectMapping: 0.067557 ms MarkObjects: 2.288502 ms  DeleteObjects: 0.217896 ms)

========================================================================
Received Import Request.
  Time since last request: 292.380020 seconds.
  path: ProjectSettings/TagManager.asset
  artifactKey: Guid(00000000000000003000000000000000) Importer(815301076,1909f56bfc062723c751e8b465ee728b)
Start importing ProjectSettings/TagManager.asset using Guid(00000000000000003000000000000000) Importer(815301076,1909f56bfc062723c751e8b465ee728b)  -> (artifact id: 'fc5c7960eb4383985c2daab0b35c3452') in 1.222719 seconds
  Import took 1.227280 seconds .

========================================================================
Received Prepare
Registering precompiled user dll's ...
Registered in 0.001641 seconds.
Begin MonoManager ReloadAssembly
Native extension for OSXStandalone target not found
Native extension for WebGL target not found
Refreshing native plugins compatible for Editor in 0.29 ms, found 1 plugins.
Preloading 0 native plugins for Editor in 0.00 ms.
Invoked RoslynAnalysisRunner static constructor.
RoslynAnalysisRunner will not be running.
RoslynAnalysisRunner has terminated.
Mono: successfully reloaded assembly
- Completed reload, in  1.522 seconds
Platform modules already initialized, skipping
Refreshing native plugins compatible for Editor in 0.24 ms, found 1 plugins.
Preloading 0 native plugins for Editor in 0.00 ms.
Unloading 1101 Unused Serialized files (Serialized files now loaded: 0)
System memory in use before: 123.4 MB.
System memory in use after: 123.5 MB.

Unloading 6 unused Assets to reduce memory usage. Loaded Objects now: 1579.
Total: 1.863061 ms (FindLiveObjects: 0.183759 ms CreateObjectMapping: 0.041245 ms MarkObjects: 1.574840 ms  DeleteObjects: 0.060547 ms)

========================================================================
Received Prepare
Registering precompiled user dll's ...
Registered in 0.000777 seconds.
Begin MonoManager ReloadAssembly
Native extension for OSXStandalone target not found
Native extension for WebGL target not found
Refreshing native plugins compatible for Editor in 0.24 ms, found 1 plugins.
Preloading 0 native plugins for Editor in 0.00 ms.
Invoked RoslynAnalysisRunner static constructor.
RoslynAnalysisRunner will not be running.
RoslynAnalysisRunner has terminated.
Mono: successfully reloaded assembly
- Completed reload, in  2.749 seconds
Platform modules already initialized, skipping
Refreshing native plugins compatible for Editor in 0.26 ms, found 1 plugins.
Preloading 0 native plugins for Editor in 0.00 ms.
Unloading 1101 Unused Serialized files (Serialized files now loaded: 0)
System memory in use before: 123.5 MB.
System memory in use after: 123.6 MB.

Unloading 5 unused Assets to reduce memory usage. Loaded Objects now: 1581.
Total: 5.863415 ms (FindLiveObjects: 0.831718 ms CreateObjectMapping: 0.145051 ms MarkObjects: 4.707031 ms  DeleteObjects: 0.175136 ms)

========================================================================
Received Prepare
Registering precompiled user dll's ...
Registered in 0.001245 seconds.
Begin MonoManager ReloadAssembly
Native extension for OSXStandalone target not found
Native extension for WebGL target not found
Refreshing native plugins compatible for Editor in 0.56 ms, found 1 plugins.
Preloading 0 native plugins for Editor in 0.00 ms.
Invoked RoslynAnalysisRunner static constructor.
RoslynAnalysisRunner will not be running.
RoslynAnalysisRunner has terminated.
Mono: successfully reloaded assembly
- Completed reload, in  1.452 seconds
Platform modules already initialized, skipping
Refreshing native plugins compatible for Editor in 0.29 ms, found 1 plugins.
Preloading 0 native plugins for Editor in 0.00 ms.
Unloading 1112 Unused Serialized files (Serialized files now loaded: 0)
System memory in use before: 125.0 MB.
System memory in use after: 125.0 MB.

Unloading 8 unused Assets to reduce memory usage. Loaded Objects now: 1597.
Total: 5.486268 ms (FindLiveObjects: 0.855556 ms CreateObjectMapping: 0.175382 ms MarkObjects: 4.377147 ms  DeleteObjects: 0.073982 ms)

========================================================================
Received Prepare
Registering precompiled user dll's ...
Registered in 0.000981 seconds.
Begin MonoManager ReloadAssembly
Native extension for OSXStandalone target not found
Native extension for WebGL target not found
Refreshing native plugins compatible for Editor in 0.88 ms, found 1 plugins.
Preloading 0 native plugins for Editor in 0.00 ms.
Invoked RoslynAnalysisRunner static constructor.
RoslynAnalysisRunner will not be running.
RoslynAnalysisRunner has terminated.
Mono: successfully reloaded assembly
- Completed reload, in  1.573 seconds
Platform modules already initialized, skipping
Refreshing native plugins compatible for Editor in 0.27 ms, found 1 plugins.
Preloading 0 native plugins for Editor in 0.00 ms.
Unloading 1111 Unused Serialized files (Serialized files now loaded: 0)
System memory in use before: 125.1 MB.
System memory in use after: 125.2 MB.

Unloading 7 unused Assets to reduce memory usage. Loaded Objects now: 1599.
Total: 1.999977 ms (FindLiveObjects: 0.158123 ms CreateObjectMapping: 0.042404 ms MarkObjects: 1.738965 ms  DeleteObjects: 0.058958 ms)

========================================================================
Received Prepare
Registering precompiled user dll's ...
Registered in 0.001753 seconds.
Begin MonoManager ReloadAssembly
Native extension for OSXStandalone target not found
Native extension for WebGL target not found
Refreshing native plugins compatible for Editor in 0.26 ms, found 1 plugins.
Preloading 0 native plugins for Editor in 0.00 ms.
Invoked RoslynAnalysisRunner static constructor.
RoslynAnalysisRunner will not be running.
RoslynAnalysisRunner has terminated.
Mono: successfully reloaded assembly
- Completed reload, in  1.602 seconds
Platform modules already initialized, skipping
Refreshing native plugins compatible for Editor in 0.25 ms, found 1 plugins.
Preloading 0 native plugins for Editor in 0.00 ms.
Unloading 1111 Unused Serialized files (Serialized files now loaded: 0)
System memory in use before: 125.2 MB.
System memory in use after: 125.3 MB.

Unloading 7 unused Assets to reduce memory usage. Loaded Objects now: 1601.
Total: 2.216736 ms (FindLiveObjects: 0.288085 ms CreateObjectMapping: 0.073021 ms MarkObjects: 1.788763 ms  DeleteObjects: 0.064783 ms)

========================================================================
Received Import Request.
  Time since last request: 313.917150 seconds.
  path: Assets/Materials
  artifactKey: Guid(03c1d17631e524d8c9b25eabd6780402) Importer(815301076,1909f56bfc062723c751e8b465ee728b)
Start importing Assets/Materials using Guid(03c1d17631e524d8c9b25eabd6780402) Importer(815301076,1909f56bfc062723c751e8b465ee728b)  -> (artifact id: '85d5bcb43d7f6118dac235d5e536ba26') in 0.006255 seconds
  Import took 0.014020 seconds .

========================================================================
Received Import Request.
  Time since last request: 15.286247 seconds.
  path: Assets/Materials/platform.mat
  artifactKey: Guid(3dc9ceba21dcc4ded9d3eeec84d52bf4) Importer(815301076,1909f56bfc062723c751e8b465ee728b)
Start importing Assets/Materials/platform.mat using Guid(3dc9ceba21dcc4ded9d3eeec84d52bf4) Importer(815301076,1909f56bfc062723c751e8b465ee728b)  -> (artifact id: '7ca2aa8ca7a0fcd60841b98a6ebad2c0') in 0.719336 seconds
  Import took 0.723954 seconds .

========================================================================
Received Import Request.
  Time since last request: 5.887579 seconds.
  path: Assets/Materials/cube.mat
  artifactKey: Guid(223287be3be044be49e022987931f847) Importer(815301076,1909f56bfc062723c751e8b465ee728b)
Start importing Assets/Materials/cube.mat using Guid(223287be3be044be49e022987931f847) Importer(815301076,1909f56bfc062723c751e8b465ee728b)  -> (artifact id: '372ed809884399dd1f8d38ac71a5fad2') in 0.023452 seconds
  Import took 0.028119 seconds .

========================================================================
Received Import Request.
  Time since last request: 7.689740 seconds.
  path: Assets/Materials/capsule.mat
  artifactKey: Guid(82c44ea6df1464ffda706a968be0f177) Importer(815301076,1909f56bfc062723c751e8b465ee728b)
Start importing Assets/Materials/capsule.mat using Guid(82c44ea6df1464ffda706a968be0f177) Importer(815301076,1909f56bfc062723c751e8b465ee728b)  -> (artifact id: '34f974323b704f06cbf9cfc2b0d672b3') in 0.024176 seconds
  Import took 0.029001 seconds .

========================================================================
Received Import Request.
  Time since last request: 232.215593 seconds.
  path: Assets/Materials/capsule.mat
  artifactKey: Guid(82c44ea6df1464ffda706a968be0f177) Importer(815301076,1909f56bfc062723c751e8b465ee728b)
Start importing Assets/Materials/capsule.mat using Guid(82c44ea6df1464ffda706a968be0f177) Importer(815301076,1909f56bfc062723c751e8b465ee728b)  -> (artifact id: 'cedcef7dbc0fbc9457fb83d7f4aad212') in 0.030523 seconds
  Import took 0.034268 seconds .

========================================================================
Received Import Request.
  Time since last request: 0.000322 seconds.
  path: Assets/Materials/cube.mat
  artifactKey: Guid(223287be3be044be49e022987931f847) Importer(815301076,1909f56bfc062723c751e8b465ee728b)
Start importing Assets/Materials/cube.mat using Guid(223287be3be044be49e022987931f847) Importer(815301076,1909f56bfc062723c751e8b465ee728b)  -> (artifact id: 'e7c05466f7444e7321a04470de9d82c7') in 0.041464 seconds
  Import took 0.045212 seconds .

========================================================================
Received Import Request.
  Time since last request: 0.000976 seconds.
  path: Assets/Materials/platform.mat
  artifactKey: Guid(3dc9ceba21dcc4ded9d3eeec84d52bf4) Importer(815301076,1909f56bfc062723c751e8b465ee728b)
Start importing Assets/Materials/platform.mat using Guid(3dc9ceba21dcc4ded9d3eeec84d52bf4) Importer(815301076,1909f56bfc062723c751e8b465ee728b)  -> (artifact id: '35f3c36183489ef3d7ae274612aa31a9') in 0.019820 seconds
  Import took 0.025060 seconds .

========================================================================
Received Prepare
Registering precompiled user dll's ...
Registered in 0.001006 seconds.
Begin MonoManager ReloadAssembly
Native extension for OSXStandalone target not found
Native extension for WebGL target not found
Refreshing native plugins compatible for Editor in 0.24 ms, found 1 plugins.
Preloading 0 native plugins for Editor in 0.00 ms.
Invoked RoslynAnalysisRunner static constructor.
RoslynAnalysisRunner will not be running.
RoslynAnalysisRunner has terminated.
Mono: successfully reloaded assembly
- Completed reload, in  1.335 seconds
Platform modules already initialized, skipping
Refreshing native plugins compatible for Editor in 0.24 ms, found 1 plugins.
Preloading 0 native plugins for Editor in 0.00 ms.
Unloading 1124 Unused Serialized files (Serialized files now loaded: 0)
System memory in use before: 135.1 MB.
System memory in use after: 134.6 MB.

Unloading 20 unused Assets to reduce memory usage. Loaded Objects now: 1643.
Total: 3.160967 ms (FindLiveObjects: 0.320988 ms CreateObjectMapping: 0.082626 ms MarkObjects: 2.225200 ms  DeleteObjects: 0.529878 ms)

========================================================================
Received Import Request.
  Time since last request: 221.912050 seconds.
  path: Assets/Fast Run.fbx
  artifactKey: Guid(e2271bd9066504683b553bb2213e8a53) Importer(815301076,1909f56bfc062723c751e8b465ee728b)
Start importing Assets/Fast Run.fbx using Guid(e2271bd9066504683b553bb2213e8a53) Importer(815301076,1909f56bfc062723c751e8b465ee728b)  -> (artifact id: '5a30bcd3f09ec511d6586985710b4583') in 0.285717 seconds
  Import took 0.290954 seconds .

========================================================================
Received Import Request.
  Time since last request: 13.451682 seconds.
  path: Assets/Animation
  artifactKey: Guid(a4d7ec46eb31f4c66b9ab44f0bd24dfd) Importer(815301076,1909f56bfc062723c751e8b465ee728b)
Start importing Assets/Animation using Guid(a4d7ec46eb31f4c66b9ab44f0bd24dfd) Importer(815301076,1909f56bfc062723c751e8b465ee728b)  -> (artifact id: '43eb7a95316f41f2e575d468dc4de262') in 0.002649 seconds
  Import took 0.005581 seconds .

========================================================================
Received Import Request.
  Time since last request: 0.000601 seconds.
  path: Assets/Animation
  artifactKey: Guid(a4d7ec46eb31f4c66b9ab44f0bd24dfd) Importer(815301076,1909f56bfc062723c751e8b465ee728b)
Start importing Assets/Animation using Guid(a4d7ec46eb31f4c66b9ab44f0bd24dfd) Importer(815301076,1909f56bfc062723c751e8b465ee728b)  -> (artifact id: '43eb7a95316f41f2e575d468dc4de262') in 0.003077 seconds
  Import took 0.010262 seconds .

========================================================================
Received Import Request.
  Time since last request: 9.303814 seconds.
  path: Assets/Animation/New Animator Controller.controller
  artifactKey: Guid(528951902495148de99cdd73041b3ff8) Importer(815301076,1909f56bfc062723c751e8b465ee728b)
Start importing Assets/Animation/New Animator Controller.controller using Guid(528951902495148de99cdd73041b3ff8) Importer(815301076,1909f56bfc062723c751e8b465ee728b)  -> (artifact id: 'b6a39250abd19e019eaa3d25f044e74b') in 0.235224 seconds
  Import took 0.237991 seconds .

========================================================================
Received Import Request.
  Time since last request: 7.137617 seconds.
  path: Assets/Animation/Fast Run.fbx
  artifactKey: Guid(e2271bd9066504683b553bb2213e8a53) Importer(815301076,1909f56bfc062723c751e8b465ee728b)
Start importing Assets/Animation/Fast Run.fbx using Guid(e2271bd9066504683b553bb2213e8a53) Importer(815301076,1909f56bfc062723c751e8b465ee728b)  -> (artifact id: '345a6859f49b8b897abf783c07ad439c') in 0.014889 seconds
  Import took 0.020317 seconds .

========================================================================
Received Prepare
Registering precompiled user dll's ...
Registered in 0.000976 seconds.
Begin MonoManager ReloadAssembly
Native extension for OSXStandalone target not found
Native extension for WebGL target not found
Refreshing native plugins compatible for Editor in 0.32 ms, found 1 plugins.
Preloading 0 native plugins for Editor in 0.00 ms.
Invoked RoslynAnalysisRunner static constructor.
RoslynAnalysisRunner will not be running.
RoslynAnalysisRunner has terminated.
Mono: successfully reloaded assembly
- Completed reload, in  1.445 seconds
Platform modules already initialized, skipping
Refreshing native plugins compatible for Editor in 0.43 ms, found 1 plugins.
Preloading 0 native plugins for Editor in 0.00 ms.
Unloading 1124 Unused Serialized files (Serialized files now loaded: 0)
System memory in use before: 143.7 MB.
System memory in use after: 143.1 MB.

Unloading 20 unused Assets to reduce memory usage. Loaded Objects now: 1645.
Total: 3.461323 ms (FindLiveObjects: 0.581583 ms CreateObjectMapping: 0.136763 ms MarkObjects: 2.297475 ms  DeleteObjects: 0.442849 ms)

========================================================================
Received Import Request.
  Time since last request: 18.684423 seconds.
  path: Assets/Animation/Fast Run.fbx
  artifactKey: Guid(e2271bd9066504683b553bb2213e8a53) Importer(815301076,1909f56bfc062723c751e8b465ee728b)
Start importing Assets/Animation/Fast Run.fbx using Guid(e2271bd9066504683b553bb2213e8a53) Importer(815301076,1909f56bfc062723c751e8b465ee728b)  -> (artifact id: '46e3b36b24fb679b5935fdf71bb8c47d') in 0.054941 seconds
  Import took 0.060408 seconds .

========================================================================
Received Prepare
Registering precompiled user dll's ...
Registered in 0.001786 seconds.
Begin MonoManager ReloadAssembly
Native extension for OSXStandalone target not found
Native extension for WebGL target not found
Refreshing native plugins compatible for Editor in 0.26 ms, found 1 plugins.
Preloading 0 native plugins for Editor in 0.00 ms.
Invoked RoslynAnalysisRunner static constructor.
RoslynAnalysisRunner will not be running.
RoslynAnalysisRunner has terminated.
Mono: successfully reloaded assembly
- Completed reload, in  1.376 seconds
Platform modules already initialized, skipping
Refreshing native plugins compatible for Editor in 0.26 ms, found 1 plugins.
Preloading 0 native plugins for Editor in 0.00 ms.
Unloading 1124 Unused Serialized files (Serialized files now loaded: 0)
System memory in use before: 143.8 MB.
System memory in use after: 143.3 MB.

Unloading 20 unused Assets to reduce memory usage. Loaded Objects now: 1647.
Total: 2.610358 ms (FindLiveObjects: 0.256876 ms CreateObjectMapping: 0.076223 ms MarkObjects: 1.808551 ms  DeleteObjects: 0.466929 ms)

========================================================================
Received Prepare
Registering precompiled user dll's ...
Registered in 0.001430 seconds.
Begin MonoManager ReloadAssembly
Native extension for OSXStandalone target not found
Native extension for WebGL target not found
Refreshing native plugins compatible for Editor in 0.27 ms, found 1 plugins.
Preloading 0 native plugins for Editor in 0.00 ms.
Invoked RoslynAnalysisRunner static constructor.
RoslynAnalysisRunner will not be running.
RoslynAnalysisRunner has terminated.
Mono: successfully reloaded assembly
- Completed reload, in  1.672 seconds
Platform modules already initialized, skipping
Refreshing native plugins compatible for Editor in 0.26 ms, found 1 plugins.
Preloading 0 native plugins for Editor in 0.00 ms.
Unloading 1124 Unused Serialized files (Serialized files now loaded: 0)
System memory in use before: 144.0 MB.
System memory in use after: 143.5 MB.

Unloading 20 unused Assets to reduce memory usage. Loaded Objects now: 1649.
Total: 2.688163 ms (FindLiveObjects: 0.262315 ms CreateObjectMapping: 0.078149 ms MarkObjects: 1.853556 ms  DeleteObjects: 0.491907 ms)

========================================================================
Received Prepare
Registering precompiled user dll's ...
Registered in 0.001636 seconds.
Begin MonoManager ReloadAssembly
Native extension for OSXStandalone target not found
Native extension for WebGL target not found
Refreshing native plugins compatible for Editor in 0.26 ms, found 1 plugins.
Preloading 0 native plugins for Editor in 0.00 ms.
Invoked RoslynAnalysisRunner static constructor.
RoslynAnalysisRunner will not be running.
RoslynAnalysisRunner has terminated.
Mono: successfully reloaded assembly
- Completed reload, in  1.618 seconds
Platform modules already initialized, skipping
Refreshing native plugins compatible for Editor in 0.27 ms, found 1 plugins.
Preloading 0 native plugins for Editor in 0.00 ms.
Unloading 1124 Unused Serialized files (Serialized files now loaded: 0)
System memory in use before: 144.2 MB.
System memory in use after: 143.7 MB.

Unloading 20 unused Assets to reduce memory usage. Loaded Objects now: 1651.
Total: 2.642770 ms (FindLiveObjects: 0.253309 ms CreateObjectMapping: 0.043135 ms MarkObjects: 1.659196 ms  DeleteObjects: 0.685494 ms)

========================================================================
Received Prepare
Registering precompiled user dll's ...
Registered in 0.001593 seconds.
Begin MonoManager ReloadAssembly
Native extension for OSXStandalone target not found
Native extension for WebGL target not found
Refreshing native plugins compatible for Editor in 0.34 ms, found 1 plugins.
Preloading 0 native plugins for Editor in 0.00 ms.
Invoked RoslynAnalysisRunner static constructor.
RoslynAnalysisRunner will not be running.
RoslynAnalysisRunner has terminated.
Mono: successfully reloaded assembly
- Completed reload, in  1.751 seconds
Platform modules already initialized, skipping
Refreshing native plugins compatible for Editor in 0.28 ms, found 1 plugins.
Preloading 0 native plugins for Editor in 0.00 ms.
Unloading 1124 Unused Serialized files (Serialized files now loaded: 0)
System memory in use before: 144.4 MB.
System memory in use after: 143.8 MB.

Unloading 20 unused Assets to reduce memory usage. Loaded Objects now: 1653.
Total: 3.927364 ms (FindLiveObjects: 0.375965 ms CreateObjectMapping: 0.156164 ms MarkObjects: 2.656742 ms  DeleteObjects: 0.736345 ms)

========================================================================
Received Prepare
Registering precompiled user dll's ...
Registered in 0.001035 seconds.
Begin MonoManager ReloadAssembly
Native extension for OSXStandalone target not found
Native extension for WebGL target not found
Refreshing native plugins compatible for Editor in 0.28 ms, found 1 plugins.
Preloading 0 native plugins for Editor in 0.00 ms.
Invoked RoslynAnalysisRunner static constructor.
RoslynAnalysisRunner will not be running.
RoslynAnalysisRunner has terminated.
Mono: successfully reloaded assembly
- Completed reload, in  1.941 seconds
Platform modules already initialized, skipping
Refreshing native plugins compatible for Editor in 0.26 ms, found 1 plugins.
Preloading 0 native plugins for Editor in 0.00 ms.
Unloading 1124 Unused Serialized files (Serialized files now loaded: 0)
System memory in use before: 144.5 MB.
System memory in use after: 144.0 MB.

Unloading 20 unused Assets to reduce memory usage. Loaded Objects now: 1655.
Total: 4.086662 ms (FindLiveObjects: 0.413143 ms CreateObjectMapping: 0.115487 ms MarkObjects: 2.897670 ms  DeleteObjects: 0.658076 ms)

========================================================================
Received Prepare
Registering precompiled user dll's ...
Registered in 0.000977 seconds.
Begin MonoManager ReloadAssembly
Native extension for OSXStandalone target not found
Native extension for WebGL target not found
Refreshing native plugins compatible for Editor in 0.26 ms, found 1 plugins.
Preloading 0 native plugins for Editor in 0.00 ms.
Invoked RoslynAnalysisRunner static constructor.
RoslynAnalysisRunner will not be running.
RoslynAnalysisRunner has terminated.
Mono: successfully reloaded assembly
- Completed reload, in  1.395 seconds
Platform modules already initialized, skipping
Refreshing native plugins compatible for Editor in 0.29 ms, found 1 plugins.
Preloading 0 native plugins for Editor in 0.00 ms.
Unloading 1124 Unused Serialized files (Serialized files now loaded: 0)
System memory in use before: 144.7 MB.
System memory in use after: 144.2 MB.

Unloading 20 unused Assets to reduce memory usage. Loaded Objects now: 1657.
Total: 2.307311 ms (FindLiveObjects: 0.240405 ms CreateObjectMapping: 0.042173 ms MarkObjects: 1.580002 ms  DeleteObjects: 0.442816 ms)

========================================================================
Received Prepare
Registering precompiled user dll's ...
Registered in 0.001209 seconds.
Begin MonoManager ReloadAssembly
Native extension for OSXStandalone target not found
Native extension for WebGL target not found
Refreshing native plugins compatible for Editor in 0.25 ms, found 1 plugins.
Preloading 0 native plugins for Editor in 0.00 ms.
Invoked RoslynAnalysisRunner static constructor.
RoslynAnalysisRunner will not be running.
RoslynAnalysisRunner has terminated.
Mono: successfully reloaded assembly
- Completed reload, in  1.307 seconds
Platform modules already initialized, skipping
Refreshing native plugins compatible for Editor in 0.25 ms, found 1 plugins.
Preloading 0 native plugins for Editor in 0.00 ms.
Unloading 1124 Unused Serialized files (Serialized files now loaded: 0)
System memory in use before: 144.9 MB.
System memory in use after: 144.4 MB.

Unloading 20 unused Assets to reduce memory usage. Loaded Objects now: 1659.
Total: 4.820728 ms (FindLiveObjects: 0.418248 ms CreateObjectMapping: 0.084072 ms MarkObjects: 3.478838 ms  DeleteObjects: 0.835938 ms)

========================================================================
Received Prepare
Registering precompiled user dll's ...
Registered in 0.006370 seconds.
Begin MonoManager ReloadAssembly
Native extension for OSXStandalone target not found
Native extension for WebGL target not found
Refreshing native plugins compatible for Editor in 0.24 ms, found 1 plugins.
Preloading 0 native plugins for Editor in 0.00 ms.
Invoked RoslynAnalysisRunner static constructor.
RoslynAnalysisRunner will not be running.
RoslynAnalysisRunner has terminated.
Mono: successfully reloaded assembly
- Completed reload, in  1.331 seconds
Platform modules already initialized, skipping
Refreshing native plugins compatible for Editor in 0.46 ms, found 1 plugins.
Preloading 0 native plugins for Editor in 0.00 ms.
Unloading 1124 Unused Serialized files (Serialized files now loaded: 0)
System memory in use before: 145.1 MB.
System memory in use after: 144.5 MB.

Unloading 20 unused Assets to reduce memory usage. Loaded Objects now: 1661.
Total: 4.174452 ms (FindLiveObjects: 0.308429 ms CreateObjectMapping: 0.082218 ms MarkObjects: 2.843958 ms  DeleteObjects: 0.934482 ms)

========================================================================
Received Import Request.
  Time since last request: 1238.393305 seconds.
  path: Assets/Scenes/SampleScene.scenetemplate
  artifactKey: Guid(4ab36ba23be7e42c987a6ed969436862) Importer(815301076,1909f56bfc062723c751e8b465ee728b)
Start importing Assets/Scenes/SampleScene.scenetemplate using Guid(4ab36ba23be7e42c987a6ed969436862) Importer(815301076,1909f56bfc062723c751e8b465ee728b)  -> (artifact id: '0ede8ff7498433fc7a4b0aaa1ad398aa') in 0.408011 seconds
  Import took 0.412699 seconds .

========================================================================
Received Import Request.
  Time since last request: 0.000384 seconds.
  path: Assets/Scenes/SampleScene.scenetemplate
  artifactKey: Guid(4ab36ba23be7e42c987a6ed969436862) Importer(815301076,1909f56bfc062723c751e8b465ee728b)
Start importing Assets/Scenes/SampleScene.scenetemplate using Guid(4ab36ba23be7e42c987a6ed969436862) Importer(815301076,1909f56bfc062723c751e8b465ee728b)  -> (artifact id: '0ede8ff7498433fc7a4b0aaa1ad398aa') in 0.043934 seconds
  Import took 0.047311 seconds .

========================================================================
Received Import Request.
  Time since last request: 6.863161 seconds.
  path: Assets/Scenes/SampleScene.unity
  artifactKey: Guid(9fc0d4010bbf28b4594072e72b8655ab) Importer(815301076,1909f56bfc062723c751e8b465ee728b)
Start importing Assets/Scenes/SampleScene.unity using Guid(9fc0d4010bbf28b4594072e72b8655ab) Importer(815301076,1909f56bfc062723c751e8b465ee728b)  -> (artifact id: '576141f14b83bef906ad1482809ea55d') in 0.011259 seconds
  Import took 0.016600 seconds .

========================================================================
Received Import Request.
  Time since last request: 0.000511 seconds.
  path: Assets/Scenes/SampleScene.unity
  artifactKey: Guid(9fc0d4010bbf28b4594072e72b8655ab) Importer(815301076,1909f56bfc062723c751e8b465ee728b)
Start importing Assets/Scenes/SampleScene.unity using Guid(9fc0d4010bbf28b4594072e72b8655ab) Importer(815301076,1909f56bfc062723c751e8b465ee728b)  -> (artifact id: '576141f14b83bef906ad1482809ea55d') in 0.003533 seconds
  Import took 0.006622 seconds .

========================================================================
Received Prepare
Refreshing native plugins compatible for Editor in 3.07 ms, found 1 plugins.
Preloading 0 native plugins for Editor in 0.00 ms.
Unloading 18 Unused Serialized files (Serialized files now loaded: 0)
System memory in use before: 129.1 MB.
System memory in use after: 128.6 MB.

Unloading 18 unused Assets to reduce memory usage. Loaded Objects now: 1661.
Total: 4.333905 ms (FindLiveObjects: 0.307550 ms CreateObjectMapping: 0.054583 ms MarkObjects: 3.286072 ms  DeleteObjects: 0.683073 ms)

